<?xml version="1.0" encoding="UTF-8"?>
<testsuites name="jest tests" tests="2" failures="1" errors="0" time="1.464">
  <testsuite name="Blockchain Service" errors="0" failures="1" skipped="0" timestamp="2022-04-04T12:04:54" time="1.394" tests="2">
    <testcase classname="Blockchain Service returns correct address utxos for sample backend response" name="Blockchain Service returns correct address utxos for sample backend response" time="0.002">
    </testcase>
    <testcase classname="Blockchain Service returns correct address utxos for sample backend response" name="Blockchain Service returns correct address utxos for sample backend response" time="0.004">
      <failure>Error: expect(received).toEqual(expected) // deep equality

- Expected  -  1
+ Received  + 14

- Array []
+ Array [
+   Object {
+     &quot;amountLovelace&quot;: 42000000,
+     &quot;txHash&quot;: &quot;39a7a284c2a0948189dc45dec670211cd4d72f7b66c5726c08d9b3df11e44d58&quot;,
+   },
+   Object {
+     &quot;amountLovelace&quot;: 729235000,
+     &quot;txHash&quot;: &quot;4c4e67bafa15e742c13c592b65c8f74c769cd7d9af04c848099672d1ba391b49&quot;,
+   },
+   Object {
+     &quot;amountLovelace&quot;: 42000000,
+     &quot;txHash&quot;: &quot;768c63e27a1c816a83dc7b07e78af673b2400de8849ea7e7b734ae1333d100d2&quot;,
+   },
+ ]
    at /Users/philipkruck/Code/oddeven.io/apps/payment-service/__itests__/blockchain-service.spec.ts:36:36
    at Generator.next (&lt;anonymous&gt;)
    at fulfilled (/Users/philipkruck/Code/oddeven.io/apps/payment-service/__itests__/blockchain-service.spec.ts:5:58)
    at processTicksAndRejections (node:internal/process/task_queues:96:5)</failure>
    </testcase>
  </testsuite>
</testsuites>